#
# A fatal error has been detected by the Java Runtime Environment:
#
#  SIGSEGV (0xb) at pc=0x00007f0a4e5f5e2b, pid=6325, tid=139679579981568
#
# JRE version: 6.0_27-b27
# Java VM: OpenJDK 64-Bit Server VM (20.0-b12 mixed mode linux-amd64 compressed oops)
# Derivative: IcedTea6 1.12.3
# Distribution: Ubuntu 12.04 LTS, package 6b27-1.12.3-0ubuntu1~12.04
# Problematic frame:
# C  [libxcb.so.1+0x9e2b]  xcb_writev+0x1b
#
# If you would like to submit a bug report, please include
# instructions how to reproduce the bug and visit:
#   https://bugs.launchpad.net/ubuntu/+source/openjdk-6/
#

---------------  T H R E A D  ---------------

Current thread is native thread

siginfo:si_signo=SIGSEGV: si_errno=0, si_code=1 (SEGV_MAPERR), si_addr=0x0000000000000000

Registers:
RAX=0x00007f0a4f15c6e0, RBX=0x00007f09a80008c0, RCX=0x0000000000000001, RDX=0x0000000000000003
RSP=0x00007f09afbf3d40, RBP=0x0000000000000000, RSI=0x00007f09afbf3d90, RDI=0x0000000000000000
R8 =0x0000000000000000, R9 =0x0000000000000000, R10=0x0000000000000000, R11=0x0000000000000000
R12=0x0000000000000000, R13=0x0000000000000000, R14=0x00007f09afbf3dc0, R15=0x0000000000000003
RIP=0x00007f0a4e5f5e2b, EFLAGS=0x0000000000010202, CSGSFS=0x0000000000000033, ERR=0x0000000000000004
  TRAPNO=0x000000000000000e

Top of Stack: (sp=0x00007f09afbf3d40)
0x00007f09afbf3d40:   0000000000001984 ffffffffafbf3d60
0x00007f09afbf3d50:   00007f09a8003060 00007f09a80008c0
0x00007f09afbf3d60:   0000000000000000 0000000000000000
0x00007f09afbf3d70:   0000000000000000 00007f0a4ee66ab7
0x00007f09afbf3d80:   0000000000000000 0000000000000001
0x00007f09afbf3d90:   00007f09a8007a60 0000000000000004
0x00007f09afbf3da0:   0000000000000000 0000000000000000
0x00007f09afbf3db0:   00007f0a4f15c6e0 0000000000000000
0x00007f09afbf3dc0:   00007f09afbf3e70 00007f09a80008c0
0x00007f09afbf3dd0:   00007f09afbf3e70 0000000000000002
0x00007f09afbf3de0:   00007f09afbf49c0 0000000000000000
0x00007f09afbf3df0:   0000000000000003 00007f0a4ee66feb
0x00007f09afbf3e00:   000000000000374d 0000000000000000
0x00007f09afbf3e10:   0000000000000000 0000000100000000
0x00007f09afbf3e20:   0000000000000000 0000000000000000
0x00007f09afbf3e30:   0000000000000000 00007f09a80008c0
0x00007f09afbf3e40:   00007f09afdf7080 00007f0a6e759880
0x00007f09afbf3e50:   00007f09afbf49c0 0000000000000000
0x00007f09afbf3e60:   0000000000000003 00007f0a4ee5cd91
0x00007f09afbf3e70:   000000021984df01 0000000000000000
0x00007f09afbf3e80:   0000000000000000 0000000000000000
0x00007f09afbf3e90:   0000000000000000 8116d69ff9dab400
0x00007f09afbf3ea0:   00007f09afbf49c0 00007f09afdf7080
0x00007f09afbf3eb0:   0000000000000000 00007f09afbf5be8
0x00007f09afbf3ec0:   0000000000000000 0000000001036640
0x00007f09afbf3ed0:   0000000000000000 0000000000000000
0x00007f09afbf3ee0:   0000000000000000 00007f0a6e74fe9a
0x00007f09afbf3ef0:   0000000000000000 00007f09afbf4700
0x00007f09afbf3f00:   0000000000000000 0000000000000000
0x00007f09afbf3f10:   0000000000000000 0000000000000000
0x00007f09afbf3f20:   0000000000000000 0000000000000000
0x00007f09afbf3f30:   0000000000000000 0000000000000000 

Instructions: (pc=0x00007f0a4e5f5e2b)
0x00007f0a4e5f5e0b:   5b 5d 41 5c c3 48 89 5c 24 e0 4c 89 64 24 f0 45
0x00007f0a4e5f5e1b:   31 e4 4c 89 6c 24 f8 48 89 6c 24 e8 48 83 ec 38
0x00007f0a4e5f5e2b:   44 8b 0f 48 89 fb 49 89 cd 45 85 c9 75 36 48 8d
0x00007f0a4e5f5e3b:   6f 18 89 14 24 48 89 74 24 08 48 89 ef e8 d3 f4 

Register to memory mapping:

RAX=
[error occurred during error reporting (printing register info), id 0xb]

Stack: [0x00007f09af3f4000,0x00007f09afbf5000],  sp=0x00007f09afbf3d40,  free space=8191k
Native frames: (J=compiled Java code, j=interpreted, Vv=VM code, C=native code)
C  [libxcb.so.1+0x9e2b]  xcb_writev+0x1b

[error occurred during error reporting (printing native stack), id 0xb]


---------------  P R O C E S S  ---------------

VM state:at safepoint (shutting down)

VM Mutex/Monitor currently owned by a thread:  ([mutex/lock_event])
[0x00007f0a680077c0] Threads_lock - owner thread: 0x00007f0a68139800

Heap
 par new generation   total 261952K, used 26698K [0x00000000b5a00000, 0x00000000c5a00000, 0x00000000c5b00000)
  eden space 261760K,  10% used [0x00000000b5a00000, 0x00000000b7412930, 0x00000000c59a0000)
  from space 192K,   0% used [0x00000000c59a0000, 0x00000000c59a0000, 0x00000000c59d0000)
  to   space 192K,   0% used [0x00000000c59d0000, 0x00000000c59d0000, 0x00000000c5a00000)
 concurrent mark-sweep generation total 262144K, used 34957K [0x00000000c5b00000, 0x00000000d5b00000, 0x00000000f5a00000)
 concurrent-mark-sweep perm gen total 70912K, used 42546K [0x00000000f5a00000, 0x00000000f9f40000, 0x0000000100000000)

Code Cache  [0x00007f0a617c5000, 0x00007f0a61f65000, 0x00007f0a677c5000)
 total_blobs=3739 nmethods=3290 adapters=382 free_code_cache=92727872 largest_free_block=384

Dynamic libraries:
00400000-00409000 r-xp 00000000 08:06 9008651                            /usr/lib/jvm/java-6-openjdk-amd64/jre/bin/java
00608000-00609000 r--p 00008000 08:06 9008651                            /usr/lib/jvm/java-6-openjdk-amd64/jre/bin/java
00609000-0060a000 rw-p 00009000 08:06 9008651                            /usr/lib/jvm/java-6-openjdk-amd64/jre/bin/java
01933000-01954000 rw-p 00000000 00:00 0                                  [heap]
b5a00000-c5a00000 rw-p 00000000 00:00 0 
c5a00000-c5b00000 rw-p 00000000 00:00 0 
c5b00000-d5b00000 rw-p 00000000 00:00 0 
d5b00000-f5a00000 rw-p 00000000 00:00 0 
f5a00000-f9f40000 rw-p 00000000 00:00 0 
f9f40000-100000000 rw-p 00000000 00:00 0 
7f0954000000-7f0954021000 rw-p 00000000 00:00 0 
7f0954021000-7f0958000000 ---p 00000000 00:00 0 
7f095c000000-7f095c04c000 rw-p 00000000 00:00 0 
7f095c04c000-7f0960000000 ---p 00000000 00:00 0 
7f0960000000-7f0960028000 rw-p 00000000 00:00 0 
7f0960028000-7f0964000000 ---p 00000000 00:00 0 
7f0964000000-7f0964021000 rw-p 00000000 00:00 0 
7f0964021000-7f0968000000 ---p 00000000 00:00 0 
7f096949e000-7f09694a1000 ---p 00000000 00:00 0 
7f09694a1000-7f096959f000 rw-p 00000000 00:00 0 
7f096959f000-7f09695a2000 ---p 00000000 00:00 0 
7f09695a2000-7f09696a0000 rw-p 00000000 00:00 0 
7f09696a0000-7f09696a3000 ---p 00000000 00:00 0 
7f09696a3000-7f09697a1000 rw-p 00000000 00:00 0 
7f09697a1000-7f09697a4000 ---p 00000000 00:00 0 
7f09697a4000-7f09698a2000 rw-p 00000000 00:00 0 
7