#
# A fatal error has been detected by the Java Runtime Environment:
#
#  SIGBUS (0x7) at pc=0x00007f564aba7050, pid=4321, tid=140006865762048
#
# JRE version: 6.0_27-b27
# Java VM: OpenJDK 64-Bit Server VM (20.0-b12 mixed mode linux-amd64 compressed oops)
# Derivative: IcedTea6 1.12.3
# Distribution: Ubuntu 12.04 LTS, package 6b27-1.12.3-0ubuntu1~12.04
# Problematic frame:
# 
[error occurred during error reporting (printing problematic frame), id 0x7]

# If you would like to submit a bug report, please include
# instructions how to reproduce the bug and visit:
#   https://bugs.launchpad.net/ubuntu/+source/openjdk-6/
#

---------------  T H R E A D  ---------------

Current thread is native thread

siginfo:si_signo=SIGBUS: si_errno=0, si_code=2 (BUS_ADRERR), si_addr=0x00007f564aba7050

Registers:
RAX=0x0000000000000400, RBX=0x00007f55d41c87d0, RCX=0x0000000000000018, RDX=0x00007f564a2b4bda
RSP=0x00007f55e37fee38, RBP=0x00007f55e37fee60, RSI=0x00007f55d41c87d0, RDI=0x0000000000000400
R8 =0x00007f568c8ae000, R9 =0x0000000000000000, R10=0x00007f55e37fed40, R11=0x0000000000000246
R12=0x00007f564aba7050, R13=0x00007f55e37ff9c0, R14=0x0000000000000000, R15=0x0000000000000003
RIP=0x00007f564aba7050, EFLAGS=0x0000000000010206, CSGSFS=0x0000000000000033, ERR=0x0000000000000014
  TRAPNO=0x000000000000000e

Top of Stack: (sp=0x00007f55e37fee38)
0x00007f55e37fee38:   00007f564a294295 00007f55e37fee60
0x00007f55e37fee48:   00007f55d4053ee0 0000000000000000
0x00007f55e37fee58:   00007f55e38fe700 00007f55e37fee80
0x00007f55e37fee68:   00007f564a29419c 00007f55e37feea0
0x00007f55e37fee78:   00007f55d4053ee0 00007f55e37feea0
0x00007f55e37fee88:   00007f564a292173 0000000000000000
0x00007f55e37fee98:   00007f55d4053ee0 00007f55e37feee0
0x00007f55e37feea8:   00007f564a2b12c4 0000000000000000
0x00007f55e37feeb8:   00007f55d4054050 0000000000000000
0x00007f55e37feec8:   00007f55d4054050 00007f55d4053ee8
0x00007f55e37feed8:   0100000000000000 0000000000000000
0x00007f55e37feee8:   00007f568c674e9a 0000000000000000
0x00007f55e37feef8:   00007f55e37ff700 0000000000000000
0x00007f55e37fef08:   0000000000000000 0000000000000000
0x00007f55e37fef18:   0000000000000000 0000000000000000
0x00007f55e37fef28:   0000000000000000 0000000000000000
0x00007f55e37fef38:   0000000000000000 0000000000000000
0x00007f55e37fef48:   0000000000000000 0000000000000000
0x00007f55e37fef58:   0000000000000000 0000000000000000
0x00007f55e37fef68:   0000000000000000 0000000000000000
0x00007f55e37fef78:   0000000000000000 0000000000000000
0x00007f55e37fef88:   ad5cad41250aa30b 00007f55e38fe700
0x00007f55e37fef98:   00007f55e37ff9c0 0000000000000000
0x00007f55e37fefa8:   0000000000000003 53f76bbef8eaa30b
0x00007f55e37fefb8:   53f1b58fb9caa30b 0000000000000000
0x00007f55e37fefc8:   0000000000000000 0000000000000000
0x00007f55e37fefd8:   0000000000000000 0000000000000000
0x00007f55e37fefe8:   0000000000000000 0000000000000000
0x00007f55e37feff8:   00007f568bf98cbd 0000000000000000
0x00007f55e37ff008:   0000000000000000 0000000000000000
0x00007f55e37ff018:   0000000000000000 0000000000000000
0x00007f55e37ff028:   0000000000000000 0000000000000000 

Instructions: (pc=0x00007f564aba7050)
0x00007f564aba7030:   e8 ab 15 fd ff 48 89 c3 e8 e3 10 fd ff 48 89 df
0x00007f564aba7040:   e8 9b 15 fd ff 66 66 2e 0f 1f 84 00 00 00 00 00
0x00007f564aba7050:   48 83 ec 08 48 89 f7 e8 e4 12 fd ff 31 c0 48 83
0x00007f564aba7060:   c4 08 c3 90 66 66 66 2e 0f 1f 84 00 00 00 00 00 

Register to memory mapping:

RAX=0x0000000000000400 is an unknown value
RBX=0x00007f55d41c87d0 is an unknown value
RCX=0x0000000000000018 is an unknown value
RDX=0x00007f564a2b4bda: <offset 0x3abda> in /usr/lib/x86_64-linux-gnu/libjack.so.0 at 0x00007f564a27a000
RSP=0x00007f55e37fee38 is an unknown value
RBP=0x00007f55e37fee60 is an unknown value
RSI=0x00007f55d41c87d0 is an unknown value
RDI=0x0000000000000400 is an unknown value
R8 =0x00007f568c8ae000 is an unknown value
R9 =0x0000000000000000 is an unknown value
R10=0x00007f55e37fed40 is an unknown value
R11=0x0000000000000246 is an unknown value
R12=